<?xml version="1.0" encoding="UTF-8"?>
<testng-results ignored="0" total="1" passed="1" failed="0" skipped="0">
  <reporter-output>
  </reporter-output>
  <suite started-at="2020-08-15T09:54:18 IST" name="Default suite" finished-at="2020-08-15T09:54:29 IST" duration-ms="11081">
    <groups>
    </groups>
    <test started-at="2020-08-15T09:54:18 IST" name="Default test" finished-at="2020-08-15T09:54:29 IST" duration-ms="11081">
      <class name="Edge.microdost.RestAssured1">
        <test-method signature="Case1()[pri:0, instance:Edge.microdost.RestAssured1@5ffead27]" started-at="2020-08-15T09:54:18 IST" name="Case1" finished-at="2020-08-15T09:54:29 IST" duration-ms="10998" status="PASS">
          <reporter-output>
          </reporter-output>
        </test-method> <!-- Case1 -->
      </class> <!-- Edge.microdost.RestAssured1 -->
    </test> <!-- Default test -->
  </suite> <!-- Default suite -->
</testng-results>
